<?xml version="1.0" encoding="UTF-8"?>
<testng-results skipped="0" failed="0" ignored="0" total="6" passed="6">
  <reporter-output>
  </reporter-output>
  <suite name="Suite" duration-ms="47" started-at="2021-11-24T01:31:01 MEZ" finished-at="2021-11-24T01:31:01 MEZ">
    <groups>
    </groups>
    <test name="Test" duration-ms="47" started-at="2021-11-24T01:31:01 MEZ" finished-at="2021-11-24T01:31:01 MEZ">
      <class name="qaclickacademy.AppiumTest">
        <test-method status="PASS" signature="IOSApps()[pri:0, instance:qaclickacademy.AppiumTest@5ec0a365]" name="IOSApps" duration-ms="0" started-at="2021-11-24T01:31:01 MEZ" finished-at="2021-11-24T01:31:01 MEZ">
          <reporter-output>
          </reporter-output>
        </test-method> <!-- IOSApps -->
        <test-method status="PASS" signature="NativeAppAndroid()[pri:0, instance:qaclickacademy.AppiumTest@5ec0a365]" name="NativeAppAndroid" duration-ms="0" started-at="2021-11-24T01:31:01 MEZ" finished-at="2021-11-24T01:31:01 MEZ">
          <reporter-output>
          </reporter-output>
        </test-method> <!-- NativeAppAndroid -->
      </class> <!-- qaclickacademy.AppiumTest -->
      <class name="qaclickacademy.RESTAPITest">
        <test-method status="PASS" signature="deleteTwitter()[pri:0, instance:qaclickacademy.RESTAPITest@5383967b]" name="deleteTwitter" duration-ms="0" started-at="2021-11-24T01:31:01 MEZ" finished-at="2021-11-24T01:31:01 MEZ">
          <reporter-output>
          </reporter-output>
        </test-method> <!-- deleteTwitter -->
        <test-method status="PASS" signature="postJira()[pri:0, instance:qaclickacademy.RESTAPITest@5383967b]" name="postJira" duration-ms="0" started-at="2021-11-24T01:31:01 MEZ" finished-at="2021-11-24T01:31:01 MEZ">
          <reporter-output>
          </reporter-output>
        </test-method> <!-- postJira -->
      </class> <!-- qaclickacademy.RESTAPITest -->
      <class name="qaclickacademy.SeleniumTest">
        <test-method status="PASS" signature="BrowserAutomation()[pri:0, instance:qaclickacademy.SeleniumTest@4fe3c938]" name="BrowserAutomation" duration-ms="0" started-at="2021-11-24T01:31:01 MEZ" finished-at="2021-11-24T01:31:01 MEZ">
          <reporter-output>
          </reporter-output>
        </test-method> <!-- BrowserAutomation -->
        <test-method status="PASS" signature="elementsUI()[pri:0, instance:qaclickacademy.SeleniumTest@4fe3c938]" name="elementsUI" duration-ms="0" started-at="2021-11-24T01:31:01 MEZ" finished-at="2021-11-24T01:31:01 MEZ">
          <reporter-output>
          </reporter-output>
        </test-method> <!-- elementsUI -->
      </class> <!-- qaclickacademy.SeleniumTest -->
    </test> <!-- Test -->
  </suite> <!-- Suite -->
</testng-results>
