<?xml version="1.0" encoding="UTF-8"?>
<testng-results skipped="0" failed="0" ignored="0" total="2" passed="2">
  <reporter-output>
  </reporter-output>
  <suite name="Default suite" duration-ms="54" started-at="2021-11-24T01:01:02 MEZ" finished-at="2021-11-24T01:01:02 MEZ">
    <groups>
    </groups>
    <test name="Default test" duration-ms="54" started-at="2021-11-24T01:01:02 MEZ" finished-at="2021-11-24T01:01:02 MEZ">
      <class name="qaclickacademy.AppiumTest">
        <test-method status="PASS" signature="IOSApps()[pri:0, instance:qaclickacademy.AppiumTest@458c1321]" name="IOSApps" duration-ms="8" started-at="2021-11-24T01:01:02 MEZ" finished-at="2021-11-24T01:01:02 MEZ">
          <reporter-output>
          </reporter-output>
        </test-method> <!-- IOSApps -->
        <test-method status="PASS" signature="NativeAppAndroid()[pri:0, instance:qaclickacademy.AppiumTest@458c1321]" name="NativeAppAndroid" duration-ms="2" started-at="2021-11-24T01:01:02 MEZ" finished-at="2021-11-24T01:01:02 MEZ">
          <reporter-output>
          </reporter-output>
        </test-method> <!-- NativeAppAndroid -->
      </class> <!-- qaclickacademy.AppiumTest -->
    </test> <!-- Default test -->
  </suite> <!-- Default suite -->
</testng-results>
